# JRE version: Java(TM) SE Runtime Environment (8.0_73-b02) (build 1.8.0_73-b02)
# Java VM: Java HotSpot(TM) 64-Bit Server VM (25.73-b02 mixed mode linux-amd64 compressed oops)
Heap:
 PSYoungGen      total 251904K, used 3492K [0x00000000eab00000, 0x00000000fb180000, 0x0000000100000000)
  eden space 235520K, 0% used [0x00000000eab00000,0x00000000eab00000,0x00000000f9100000)
  from space 16384K, 21% used [0x00000000f9100000,0x00000000f9469130,0x00000000fa100000)
  to   space 15872K, 0% used [0x00000000fa100000,0x00000000fa100000,0x00000000fb080000)
 ParOldGen       total 49152K, used 31412K [0x00000000c0000000, 0x00000000c3000000, 0x00000000eab00000)
  object space 49152K, 63% used [0x00000000c0000000,0x00000000c1ead298,0x00000000c3000000)
 Metaspace       used 43226K, capacity 44448K, committed 44632K, reserved 1087488K
  class space    used 5926K, capacity 6222K, committed 6232K, reserved 1048576K
GC Heap History (10 events):
Event: 6,421 GC heap after
Heap after GC invocations=11 (full 1):
 PSYoungGen      total 177664K, used 8730K [0x00000000eab00000, 0x00000000f7100000, 0x0000000100000000)
  eden space 165888K, 0% used [0x00000000eab00000,0x00000000eab00000,0x00000000f4d00000)
  from space 11776K, 74% used [0x00000000f5900000,0x00000000f6186880,0x00000000f6480000)
  to   space 12288K, 0% used [0x00000000f4d00000,0x00000000f4d00000,0x00000000f5900000)
 ParOldGen       total 35328K, used 17884K [0x00000000c0000000, 0x00000000c2280000, 0x00000000eab00000)
  object space 35328K, 50% used [0x00000000c0000000,0x00000000c11771f0,0x00000000c2280000)
 Metaspace       used 34578K, capacity 35284K, committed 35416K, reserved 1079296K
  class space    used 4676K, capacity 4879K, committed 4952K, reserved 1048576K
}
Event: 6,421 GC heap before
{Heap before GC invocations=12 (full 2):
 PSYoungGen      total 177664K, used 8730K [0x00000000eab00000, 0x00000000f7100000, 0x0000000100000000)
  eden space 165888K, 0% used [0x00000000eab00000,0x00000000eab00000,0x00000000f4d00000)
  from space 11776K, 74% used [0x00000000f5900000,0x00000000f6186880,0x00000000f6480000)
  to   space 12288K, 0% used [0x00000000f4d00000,0x00000000f4d00000,0x00000000f5900000)
 ParOldGen       total 35328K, used 17884K [0x00000000c0000000, 0x00000000c2280000, 0x00000000eab00000)
  object space 35328K, 50% used [0x00000000c0000000,0x00000000c11771f0,0x00000000c2280000)
 Metaspace       used 34578K, capacity 35284K, committed 35416K, reserved 1079296K
  class space    used 4676K, capacity 4879K, committed 4952K, reserved 1048576K
Event: 6,546 GC heap after
Heap after GC invocations=12 (full 2):
 PSYoungGen      total 177664K, used 0K [0x00000000eab00000, 0x00000000f7100000, 0x0000000100000000)
  eden space 165888K, 0% used [0x00000000eab00000,0x00000000eab00000,0x00000000f4d00000)
  from space 11776K, 0% used [0x00000000f5900000,0x00000000f5900000,0x00000000f6480000)
  to   space 12288K, 0% used [0x00000000f4d00000,0x00000000f4d00000,0x00000000f5900000)
 ParOldGen       total 49152K, used 19051K [0x00000000c0000000, 0x00000000c3000000, 0x00000000eab00000)
  object space 49152K, 38% used [0x00000000c0000000,0x00000000c129aff8,0x00000000c3000000)
 Metaspace       used 34578K, capacity 35284K, committed 35416K, reserved 1079296K
  class space    used 4676K, capacity 4879K, committed 4952K, reserved 1048576K
}
Event: 9,470 GC heap before
{Heap before GC invocations=13 (full 2):
 PSYoungGen      total 177664K, used 165888K [0x00000000eab00000, 0x00000000f7100000, 0x0000000100000000)
  eden space 165888K, 100% used [0x00000000eab00000,0x00000000f4d00000,0x00000000f4d00000)
  from space 11776K, 0% used [0x00000000f5900000,0x00000000f5900000,0x00000000f6480000)
  to   space 12288K, 0% used [0x00000000f4d00000,0x00000000f4d00000,0x00000000f5900000)
 ParOldGen       total 49152K, used 19051K [0x00000000c0000000, 0x00000000c3000000, 0x00000000eab00000)
  object space 49152K, 38% used [0x00000000c0000000,0x00000000c129aff8,0x00000000c3000000)
 Metaspace       used 41653K, capacity 42564K, committed 42968K, reserved 1085440K
  class space    used 5739K, capacity 5979K, committed 6104K, reserved 1048576K
Event: 9,507 GC heap after
Heap after GC invocations=13 (full 2):
 PSYoungGen      total 178176K, used 12273K [0x00000000eab00000, 0x00000000fb080000, 0x0000000100000000)
  eden space 165888K, 0% used [0x00000000eab00000,0x00000000eab00000,0x00000000f4d00000)
  from space 12288K, 99% used [0x00000000f4d00000,0x00000000f58fc758,0x00000000f5900000)
  to   space 15872K, 0% used [0x00000000fa100000,0x00000000fa100000,0x00000000fb080000)
 ParOldGen       total 49152K, used 24240K [0x00000000c0000000, 0x00000000c3000000, 0x00000000eab00000)
  object space 49152K, 49% used [0x00000000c0000000,0x00000000c17ac3c8,0x00000000c3000000)
 Metaspace       used 41653K, capacity 42564K, committed 42968K, reserved 1085440K
  class space    used 5739K, capacity 5979K, committed 6104K, reserved 1048576K
}
Event: 10,130 GC heap before
{Heap before GC invocations=14 (full 2):
 PSYoungGen      total 178176K, used 29201K [0x00000000eab00000, 0x00000000fb080000, 0x0000000100000000)
  eden space 165888K, 10% used [0x00000000eab00000,0x00000000ebb87e60,0x00000000f4d00000)
  from space 12288K, 99% used [0x00000000f4d00000,0x00000000f58fc758,0x00000000f5900000)
  to   space 15872K, 0% used [0x00000000fa100000,0x00000000fa100000,0x00000000fb080000)
 ParOldGen       total 49152K, used 24240K [0x00000000c0000000, 0x00000000c3000000, 0x00000000eab00000)
  object space 49152K, 49% used [0x00000000c0000000,0x00000000c17ac3c8,0x00000000c3000000)
 Metaspace       used 42153K, capacity 43088K, committed 43224K, reserved 1087488K
  class space    used 5813K, capacity 6046K, committed 6104K, reserved 1048576K
Event: 10,162 GC heap after
Heap after GC invocations=14 (full 2):
 PSYoungGen      total 251392K, used 1018K [0x00000000eab00000, 0x00000000fb180000, 0x0000000100000000)
  eden space 235520K, 0% used [0x00000000eab00000,0x00000000eab00000,0x00000000f9100000)
  from space 15872K, 6% used [0x00000000fa100000,0x00000000fa1fe8e0,0x00000000fb080000)
  to   space 16384K, 0% used [0x00000000f9100000,0x00000000f9100000,0x00000000fa100000)
 ParOldGen       total 49152K, used 36058K [0x00000000c0000000, 0x00000000c3000000, 0x00000000eab00000)
  object space 49152K, 73% used [0x00000000c0000000,0x00000000c2336800,0x00000000c3000000)
 Metaspace       used 42153K, capacity 43088K, committed 43224K, reserved 1087488K
  class space    used 5813K, capacity 6046K, committed 6104K, reserved 1048576K
}
Event: 10,162 GC heap before
{Heap before GC invocations=15 (full 3):
 PSYoungGen      total 251392K, used 1018K [0x00000000eab00000, 0x00000000fb180000, 0x0000000100000000)
  eden space 235520K, 0% used [0x00000000eab00000,0x00000000eab00000,0x00000000f9100000)
  from space 15872K, 6% used [0x00000000fa100000,0x00000000fa1fe8e0,0x00000000fb080000)
  to   space 16384K, 0% used [0x00000000f9100000,0x00000000f9100000,0x00000000fa100000)
 ParOldGen       total 49152K, used 36058K [0x00000000c0000000, 0x00000000c3000000, 0x00000000eab00000)
  object space 49152K, 73% used [0x00000000c0000000,0x00000000c2336800,0x00000000c3000000)
 Metaspace       used 42153K, capacity 43088K, committed 43224K, reserved 1087488K
  class space    used 5813K, capacity 6046K, committed 6104K, reserved 1048576K
Event: 10,499 GC heap after
Heap after GC invocations=15 (full 3):
 PSYoungGen      total 251392K, used 0K [0x00000000eab00000, 0x00000000fb180000, 0x0000000100000000)
  eden space 235520K, 0% used [0x00000000eab00000,0x00000000eab00000,0x00000000f9100000)
  from space 15872K, 0% used [0x00000000fa100000,0x00000000fa100000,0x00000000fb080000)
  to   space 16384K, 0% used [0x00000000f9100000,0x00000000f9100000,0x00000000fa100000)
 ParOldGen       total 49152K, used 31404K [0x00000000c0000000, 0x00000000c3000000, 0x00000000eab00000)
  object space 49152K, 63% used [0x00000000c0000000,0x00000000c1eab298,0x00000000c3000000)
 Metaspace       used 42153K, capacity 43088K, committed 43224K, reserved 1087488K
  class space    used 5813K, capacity 6046K, committed 6104K, reserved 1048576K
}
Event: 176,653 GC heap before
{Heap before GC invocations=16 (full 3):
 PSYoungGen      total 251392K, used 235520K [0x00000000eab00000, 0x00000000fb180000, 0x0000000100000000)
  eden space 235520K, 100% used [0x00000000eab00000,0x00000000f9100000,0x00000000f9100000)
  from space 15872K, 0% used [0x00000000fa100000,0x00000000fa100000,0x00000000fb080000)
  to   space 16384K, 0% used [0x00000000f9100000,0x00000000f9100000,0x00000000fa100000)
 ParOldGen       total 49152K, used 31404K [0x00000000c0000000, 0x00000000c3000000, 0x00000000eab00000)
  object space 49152K, 63% used [0x00000000c0000000,0x00000000c1eab298,0x00000000c3000000)
 Metaspace       used 43226K, capacity 44448K, committed 44632K, reserved 1087488K
  class space    used 5926K, capacity 6222K, committed 6232K, reserved 1048576K

